2025-06-12 13:14:57 - open google
2025-06-12 13:15:23 - open google
2025-06-12 13:15:43 - open youtube
2025-06-12 13:22:44 - open google
2025-06-12 13:23:27 - open youtube
2025-06-12 13:23:50 - open google
2025-06-12 13:24:45 - install git
2025-06-12 13:25:33 - open file manager
2025-06-12 13:26:01 - open file manager
2025-06-12 13:43:10 - uninstall wireshark
2025-06-12 16:31:14 - install wireshark
2025-06-12 16:33:27 - uninstall wireshark
2025-06-12 17:16:44 - open youtube
2025-06-12 17:17:31 - open wikipedia
2025-06-12 17:42:44 - open settings
2025-06-12 17:43:09 - open file manager
2025-06-12 17:43:24 - close file manager
2025-06-12 17:44:16 - open terminal
2025-06-12 17:54:24 - open settings
2025-06-12 17:54:53 - open terminal
2025-06-12 17:55:33 - open calender
2025-06-12 17:55:55 - open genome control centre
2025-06-12 17:56:18 - open reddit
2025-06-12 17:56:44 - open gnome-control-center
2025-06-12 17:57:08 - open system settings
2025-06-12 17:57:33 - open calculator
2025-06-12 17:57:42 - close calculator
2025-06-12 17:57:50 - open documents
2025-06-12 17:57:59 - close documents
2025-06-12 17:58:23 - close documents
2025-06-12 17:58:49 - open software centre
2025-06-12 17:59:16 - open image viewer
2025-06-12 17:59:33 - open libreoffice writer
2025-06-12 18:00:00 - open google
2025-06-12 18:00:20 - open wikipedia
2025-06-12 18:06:23 - open google
2025-06-12 18:45:00 - spread out file manager
2025-06-12 18:45:27 - spread out settings
2025-06-12 18:45:56 - spread out terminal
2025-06-13 10:53:58 - open youtube
2025-06-13 10:54:58 - open youtube
2025-06-13 10:56:33 - open youtube
2025-06-13 10:58:03 - open youtube
2025-06-13 10:59:06 - install git
2025-06-13 11:00:42 - show ssh key
2025-06-13 11:04:51 - open calculator
2025-06-13 11:05:17 - close calculator
2025-06-13 11:18:08 - open google install
2025-06-13 11:19:33 - install git
2025-06-13 11:21:51 - uninstall git
2025-06-13 11:28:42 - open youtube
2025-06-13 11:29:07 - open google
2025-06-13 11:29:17 - website
2025-06-13 11:31:09 - install android studio
2025-06-13 11:32:04 - uninstall android studio
2025-06-13 11:33:21 - install git tumi gate
2025-06-13 11:34:20 - show ssh key
2025-06-13 11:34:58 - generate ssh ki
2025-06-13 11:35:09 - generate ssh key
2025-06-18 12:16:01 - install android studio
2025-06-18 12:17:18 - uninstall android Studio
2025-06-18 15:39:48 - open google
2025-06-18 15:40:21 - sarkari result
2025-06-18 15:40:37 - setting
2025-06-18 15:40:54 - Launch Settings
2025-06-18 15:57:40 - Launch Settings
2025-06-18 15:58:03 - open google
2025-06-18 16:00:06 - open google
2025-06-18 16:00:57 - open youtube
2025-06-18 16:04:45 - open github
2025-06-18 16:06:34 - install geet
2025-06-18 16:07:03 - install git
2025-06-18 16:07:58 - show ssh key
2025-06-18 16:16:56 - Launch settings
2025-06-18 16:22:27 - 2.5
2025-06-18 16:22:52 - open google
2025-06-18 16:24:46 - kumkum google
2025-06-18 16:24:59 - open google
2025-06-18 16:28:58 - open google
2025-06-18 16:31:48 - ok google
2025-06-18 16:31:59 - open serial
2025-06-18 16:32:12 - ok google
2025-06-18 16:32:21 - ok google
2025-06-18 16:32:44 - ok google
2025-06-18 16:33:35 - open google
2025-06-18 16:34:04 - open google
2025-06-18 23:46:17 - Launch settings
2025-06-19 13:21:09 - 2025-06-19 13:21:09 - opem youtube
2025-06-19 13:21:19 - 2025-06-19 13:21:19 - open youtube
2025-06-19 13:32:08 - 2025-06-19 13:32:08 - open YouTube
2025-06-19 14:08:52 - open youtube
2025-06-19 14:10:41 - open youtube
2025-06-19 16:54:00 - open youtube
2025-06-19 16:54:33 - open google
2025-06-19 16:54:48 - open github
2025-06-19 16:56:16 - open file manager
2025-06-19 17:09:09 - youtube
2025-06-19 17:09:29 - open youtube
2025-06-19 17:10:56 - open youtube
2025-06-19 17:29:21 - open file manager
2025-06-19 17:29:42 - file manager
2025-06-19 17:29:55 - open settings
2025-06-19 17:30:11 - open terminal
2025-06-19 17:30:21 - open
2025-06-19 17:30:34 - open calculator
2025-06-19 17:30:54 - calendar
2025-06-19 17:31:31 - open software centre
2025-06-19 17:32:00 - open software updater
2025-06-19 17:32:25 - exit
2025-06-19 17:53:16 - open settings open settings
2025-06-19 17:53:32 - open terminal
2025-06-19 17:53:54 - open file manager
2025-06-19 17:59:38 - open sis setting
2025-06-19 17:59:49 - open settings
2025-06-19 18:01:15 - open photos
2025-06-19 18:01:30 - open photo
2025-06-19 18:01:41 - open settings
2025-06-19 18:02:38 - open google
2025-06-19 18:03:11 - open google
2025-06-19 18:05:14 - open youtube
2025-06-19 18:05:57 - open settings
2025-06-19 18:06:15 - install git
2025-06-19 18:06:51 - show ssh key
2025-06-19 18:07:11 - open file manager
2025-06-19 18:17:22 - open file manager
2025-06-19 18:17:46 - open google
2025-06-19 18:18:11 - install git
2025-06-19 18:19:09 - to ssh key
2025-06-19 18:19:32 - show ssh ki
2025-06-19 18:19:42 - show ssh key
2025-06-19 18:20:20 - exit
